# JRE version: OpenJDK Runtime Environment Temurin-17.0.13+11 (17.0.13+11) (build 17.0.13+11)
# Java VM: OpenJDK 64-Bit Server VM Temurin-17.0.13+11 (17.0.13+11, mixed mode, tiered, compressed oops, compressed class ptrs, parallel gc, windows-amd64)
GC Precious Log:
 CPUs: 4 total, 4 available
 Memory: 8083M
 Large Page Support: Disabled
 NUMA Support: Disabled
 Compressed Oops: Enabled (32-bit)
 Alignments: Space 512K, Generation 512K, Heap 2M
 Heap Min Capacity: 100M
 Heap Initial Capacity: 100M
 Heap Max Capacity: 1G
 Pre-touch: Disabled
 Parallel Workers: 4
Heap:
 PSYoungGen      total 3584K, used 3552K [0x00000000eab00000, 0x00000000eb600000, 0x0000000100000000)
  eden space 3072K, 100% used [0x00000000eab00000,0x00000000eae00000,0x00000000eae00000)
  from space 512K, 93% used [0x00000000eae80000,0x00000000eaef8178,0x00000000eaf00000)
  to   space 4096K, 0% used [0x00000000eb200000,0x00000000eb200000,0x00000000eb600000)
 ParOldGen       total 141312K, used 138317K [0x00000000c0000000, 0x00000000c8a00000, 0x00000000eab00000)
  object space 141312K, 97% used [0x00000000c0000000,0x00000000c8713600,0x00000000c8a00000)
 Metaspace       used 81116K, committed 82432K, reserved 1179648K
  class space    used 8238K, committed 8832K, reserved 1048576K
GC Heap History (20 events):
Event: 2630.844 GC heap after
{Heap after GC invocations=1056 (full 14):
 PSYoungGen      total 2560K, used 856K [0x00000000eab00000, 0x00000000eae80000, 0x0000000100000000)
  eden space 1536K, 0% used [0x00000000eab00000,0x00000000eab00000,0x00000000eac80000)
  from space 1024K, 83% used [0x00000000ead80000,0x00000000eae56000,0x00000000eae80000)
  to   space 1024K, 0% used [0x00000000eac80000,0x00000000eac80000,0x00000000ead80000)
 ParOldGen       total 141312K, used 129730K [0x00000000c0000000, 0x00000000c8a00000, 0x00000000eab00000)
  object space 141312K, 91% used [0x00000000c0000000,0x00000000c7eb09a8,0x00000000c8a00000)
 Metaspace       used 81090K, committed 82368K, reserved 1179648K
  class space    used 8232K, committed 8768K, reserved 1048576K
}
Event: 2630.908 GC heap before
{Heap before GC invocations=1057 (full 14):
 PSYoungGen      total 2560K, used 2392K [0x00000000eab00000, 0x00000000eae80000, 0x0000000100000000)
  eden space 1536K, 100% used [0x00000000eab00000,0x00000000eac80000,0x00000000eac80000)
  from space 1024K, 83% used [0x00000000ead80000,0x00000000eae56000,0x00000000eae80000)
  to   space 1024K, 0% used [0x00000000eac80000,0x00000000eac80000,0x00000000ead80000)
 ParOldGen       total 141312K, used 129730K [0x00000000c0000000, 0x00000000c8a00000, 0x00000000eab00000)
  object space 141312K, 91% used [0x00000000c0000000,0x00000000c7eb09a8,0x00000000c8a00000)
 Metaspace       used 81090K, committed 82368K, reserved 1179648K
  class space    used 8232K, committed 8768K, reserved 1048576K
}
Event: 2630.911 GC heap after
{Heap after GC invocations=1057 (full 14):
 PSYoungGen      total 2560K, used 1000K [0x00000000eab00000, 0x00000000eb200000, 0x0000000100000000)
  eden space 1536K, 0% used [0x00000000eab00000,0x00000000eab00000,0x00000000eac80000)
  from space 1024K, 97% used [0x00000000eac80000,0x00000000ead7a160,0x00000000ead80000)
  to   space 2560K, 0% used [0x00000000eaf80000,0x00000000eaf80000,0x00000000eb200000)
 ParOldGen       total 141312K, used 130826K [0x00000000c0000000, 0x00000000c8a00000, 0x00000000eab00000)
  object space 141312K, 92% used [0x00000000c0000000,0x00000000c7fc29a8,0x00000000c8a00000)
 Metaspace       used 81090K, committed 82368K, reserved 1179648K
  class space    used 8232K, committed 8768K, reserved 1048576K
}
Event: 2630.916 GC heap before
{Heap before GC invocations=1058 (full 14):
 PSYoungGen      total 2560K, used 2536K [0x00000000eab00000, 0x00000000eb200000, 0x0000000100000000)
  eden space 1536K, 100% used [0x00000000eab00000,0x00000000eac80000,0x00000000eac80000)
  from space 1024K, 97% used [0x00000000eac80000,0x00000000ead7a160,0x00000000ead80000)
  to   space 2560K, 0% used [0x00000000eaf80000,0x00000000eaf80000,0x00000000eb200000)
 ParOldGen       total 141312K, used 130826K [0x00000000c0000000, 0x00000000c8a00000, 0x00000000eab00000)
  object space 141312K, 92% used [0x00000000c0000000,0x00000000c7fc29a8,0x00000000c8a00000)
 Metaspace       used 81090K, committed 82368K, reserved 1179648K
  class space    used 8232K, committed 8768K, reserved 1048576K
}
Event: 2630.919 GC heap after
{Heap after GC invocations=1058 (full 14):
 PSYoungGen      total 4096K, used 1568K [0x00000000eab00000, 0x00000000eb180000, 0x0000000100000000)
  eden space 2048K, 0% used [0x00000000eab00000,0x00000000eab00000,0x00000000ead00000)
  from space 2048K, 76% used [0x00000000eaf80000,0x00000000eb108000,0x00000000eb180000)
  to   space 2048K, 0% used [0x00000000ead80000,0x00000000ead80000,0x00000000eaf80000)
 ParOldGen       total 141312K, used 131842K [0x00000000c0000000, 0x00000000c8a00000, 0x00000000eab00000)
  object space 141312K, 93% used [0x00000000c0000000,0x00000000c80c0b08,0x00000000c8a00000)
 Metaspace       used 81090K, committed 82368K, reserved 1179648K
  class space    used 8232K, committed 8768K, reserved 1048576K
}
Event: 2631.075 GC heap before
{Heap before GC invocations=1059 (full 14):
 PSYoungGen      total 4096K, used 3616K [0x00000000eab00000, 0x00000000eb180000, 0x0000000100000000)
  eden space 2048K, 100% used [0x00000000eab00000,0x00000000ead00000,0x00000000ead00000)
  from space 2048K, 76% used [0x00000000eaf80000,0x00000000eb108000,0x00000000eb180000)
  to   space 2048K, 0% used [0x00000000ead80000,0x00000000ead80000,0x00000000eaf80000)
 ParOldGen       total 141312K, used 131842K [0x00000000c0000000, 0x00000000c8a00000, 0x00000000eab00000)
  object space 141312K, 93% used [0x00000000c0000000,0x00000000c80c0b08,0x00000000c8a00000)
 Metaspace       used 81115K, committed 82432K, reserved 1179648K
  class space    used 8238K, committed 8832K, reserved 1048576K
}
Event: 2631.079 GC heap after
{Heap after GC invocations=1059 (full 14):
 PSYoungGen      total 4096K, used 1424K [0x00000000eab00000, 0x00000000eb080000, 0x0000000100000000)
  eden space 2560K, 0% used [0x00000000eab00000,0x00000000eab00000,0x00000000ead80000)
  from space 1536K, 92% used [0x00000000ead80000,0x00000000eaee4000,0x00000000eaf00000)
  to   space 1536K, 0% used [0x00000000eaf00000,0x00000000eaf00000,0x00000000eb080000)
 ParOldGen       total 141312K, used 133370K [0x00000000c0000000, 0x00000000c8a00000, 0x00000000eab00000)
  object space 141312K, 94% used [0x00000000c0000000,0x00000000c823eb08,0x00000000c8a00000)
 Metaspace       used 81115K, committed 82432K, reserved 1179648K
  class space    used 8238K, committed 8832K, reserved 1048576K
}
Event: 2631.146 GC heap before
{Heap before GC invocations=1060 (full 14):
 PSYoungGen      total 4096K, used 3984K [0x00000000eab00000, 0x00000000eb080000, 0x0000000100000000)
  eden space 2560K, 100% used [0x00000000eab00000,0x00000000ead80000,0x00000000ead80000)
  from space 1536K, 92% used [0x00000000ead80000,0x00000000eaee4000,0x00000000eaf00000)
  to   space 1536K, 0% used [0x00000000eaf00000,0x00000000eaf00000,0x00000000eb080000)
 ParOldGen       total 141312K, used 133370K [0x00000000c0000000, 0x00000000c8a00000, 0x00000000eab00000)
  object space 141312K, 94% used [0x00000000c0000000,0x00000000c823eb08,0x00000000c8a00000)
 Metaspace       used 81115K, committed 82432K, reserved 1179648K
  class space    used 8238K, committed 8832K, reserved 1048576K
}
Event: 2631.150 GC heap after
{Heap after GC invocations=1060 (full 14):
 PSYoungGen      total 4096K, used 704K [0x00000000eab00000, 0x00000000eb000000, 0x0000000100000000)
  eden space 3072K, 0% used [0x00000000eab00000,0x00000000eab00000,0x00000000eae00000)
  from space 1024K, 68% used [0x00000000eaf00000,0x00000000eafb0040,0x00000000eb000000)
  to   space 1024K, 0% used [0x00000000eae00000,0x00000000eae00000,0x00000000eaf00000)
 ParOldGen       total 141312K, used 134730K [0x00000000c0000000, 0x00000000c8a00000, 0x00000000eab00000)
  object space 141312K, 95% used [0x00000000c0000000,0x00000000c8392b08,0x00000000c8a00000)
 Metaspace       used 81115K, committed 82432K, reserved 1179648K
  class space    used 8238K, committed 8832K, reserved 1048576K
}
Event: 2631.190 GC heap before
{Heap before GC invocations=1061 (full 14):
 PSYoungGen      total 4096K, used 3776K [0x00000000eab00000, 0x00000000eb000000, 0x0000000100000000)
  eden space 3072K, 100% used [0x00000000eab00000,0x00000000eae00000,0x00000000eae00000)
  from space 1024K, 68% used [0x00000000eaf00000,0x00000000eafb0040,0x00000000eb000000)
  to   space 1024K, 0% used [0x00000000eae00000,0x00000000eae00000,0x00000000eaf00000)
 ParOldGen       total 141312K, used 134730K [0x00000000c0000000, 0x00000000c8a00000, 0x00000000eab00000)
  object space 141312K, 95% used [0x00000000c0000000,0x00000000c8392b08,0x00000000c8a00000)
 Metaspace       used 81115K, committed 82432K, reserved 1179648K
  class space    used 8238K, committed 8832K, reserved 1048576K
}
Event: 2631.193 GC heap after
{Heap after GC invocations=1061 (full 14):
 PSYoungGen      total 4096K, used 384K [0x00000000eab00000, 0x00000000eb000000, 0x0000000100000000)
  eden space 3072K, 0% used [0x00000000eab00000,0x00000000eab00000,0x00000000eae00000)
  from space 1024K, 37% used [0x00000000eae00000,0x00000000eae60020,0x00000000eaf00000)
  to   space 1024K, 0% used [0x00000000eaf00000,0x00000000eaf00000,0x00000000eb000000)
 ParOldGen       total 141312K, used 135023K [0x00000000c0000000, 0x00000000c8a00000, 0x00000000eab00000)
  object space 141312K, 95% used [0x00000000c0000000,0x00000000c83dbfc8,0x00000000c8a00000)
 Metaspace       used 81115K, committed 82432K, reserved 1179648K
  class space    used 8238K, committed 8832K, reserved 1048576K
}
Event: 2631.444 GC heap before
{Heap before GC invocations=1062 (full 14):
 PSYoungGen      total 4096K, used 3456K [0x00000000eab00000, 0x00000000eb000000, 0x0000000100000000)
  eden space 3072K, 100% used [0x00000000eab00000,0x00000000eae00000,0x00000000eae00000)
  from space 1024K, 37% used [0x00000000eae00000,0x00000000eae60020,0x00000000eaf00000)
  to   space 1024K, 0% used [0x00000000eaf00000,0x00000000eaf00000,0x00000000eb000000)
 ParOldGen       total 141312K, used 135023K [0x00000000c0000000, 0x00000000c8a00000, 0x00000000eab00000)
  object space 141312K, 95% used [0x00000000c0000000,0x00000000c83dbfc8,0x00000000c8a00000)
 Metaspace       used 81115K, committed 82432K, reserved 1179648K
  class space    used 8238K, committed 8832K, reserved 1048576K
}
Event: 2631.446 GC heap after
{Heap after GC invocations=1062 (full 14):
 PSYoungGen      total 4096K, used 528K [0x00000000eab00000, 0x00000000eb000000, 0x0000000100000000)
  eden space 3072K, 0% used [0x00000000eab00000,0x00000000eab00000,0x00000000eae00000)
  from space 1024K, 51% used [0x00000000eaf00000,0x00000000eaf84030,0x00000000eb000000)
  to   space 1024K, 0% used [0x00000000eae00000,0x00000000eae00000,0x00000000eaf00000)
 ParOldGen       total 141312K, used 135189K [0x00000000c0000000, 0x00000000c8a00000, 0x00000000eab00000)
  object space 141312K, 95% used [0x00000000c0000000,0x00000000c8405468,0x00000000c8a00000)
 Metaspace       used 81115K, committed 82432K, reserved 1179648K
  class space    used 8238K, committed 8832K, reserved 1048576K
}
Event: 2631.578 GC heap before
{Heap before GC invocations=1063 (full 14):
 PSYoungGen      total 4096K, used 3599K [0x00000000eab00000, 0x00000000eb000000, 0x0000000100000000)
  eden space 3072K, 99% used [0x00000000eab00000,0x00000000eadffe60,0x00000000eae00000)
  from space 1024K, 51% used [0x00000000eaf00000,0x00000000eaf84030,0x00000000eb000000)
  to   space 1024K, 0% used [0x00000000eae00000,0x00000000eae00000,0x00000000eaf00000)
 ParOldGen       total 141312K, used 135189K [0x00000000c0000000, 0x00000000c8a00000, 0x00000000eab00000)
  object space 141312K, 95% used [0x00000000c0000000,0x00000000c8405468,0x00000000c8a00000)
 Metaspace       used 81115K, committed 82432K, reserved 1179648K
  class space    used 8238K, committed 8832K, reserved 1048576K
}
Event: 2631.581 GC heap after
{Heap after GC invocations=1063 (full 14):
 PSYoungGen      total 4096K, used 96K [0x00000000eab00000, 0x00000000eaf80000, 0x0000000100000000)
  eden space 3072K, 0% used [0x00000000eab00000,0x00000000eab00000,0x00000000eae00000)
  from space 1024K, 9% used [0x00000000eae00000,0x00000000eae18000,0x00000000eaf00000)
  to   space 512K, 0% used [0x00000000eaf00000,0x00000000eaf00000,0x00000000eaf80000)
 ParOldGen       total 141312K, used 135485K [0x00000000c0000000, 0x00000000c8a00000, 0x00000000eab00000)
  object space 141312K, 95% used [0x00000000c0000000,0x00000000c844f488,0x00000000c8a00000)
 Metaspace       used 81115K, committed 82432K, reserved 1179648K
  class space    used 8238K, committed 8832K, reserved 1048576K
}
Event: 2641.127 GC heap before
{Heap before GC invocations=1064 (full 14):
 PSYoungGen      total 4096K, used 3121K [0x00000000eab00000, 0x00000000eaf80000, 0x0000000100000000)
  eden space 3072K, 98% used [0x00000000eab00000,0x00000000eadf47a8,0x00000000eae00000)
  from space 1024K, 9% used [0x00000000eae00000,0x00000000eae18000,0x00000000eaf00000)
  to   space 512K, 0% used [0x00000000eaf00000,0x00000000eaf00000,0x00000000eaf80000)
 ParOldGen       total 141312K, used 135485K [0x00000000c0000000, 0x00000000c8a00000, 0x00000000eab00000)
  object space 141312K, 95% used [0x00000000c0000000,0x00000000c844f488,0x00000000c8a00000)
 Metaspace       used 81116K, committed 82432K, reserved 1179648K
  class space    used 8238K, committed 8832K, reserved 1048576K
}
Event: 2641.129 GC heap after
{Heap after GC invocations=1064 (full 14):
 PSYoungGen      total 3584K, used 416K [0x00000000eab00000, 0x00000000eaf80000, 0x0000000100000000)
  eden space 3072K, 0% used [0x00000000eab00000,0x00000000eab00000,0x00000000eae00000)
  from space 512K, 81% used [0x00000000eaf00000,0x00000000eaf68000,0x00000000eaf80000)
  to   space 512K, 0% used [0x00000000eae80000,0x00000000eae80000,0x00000000eaf00000)
 ParOldGen       total 141312K, used 135485K [0x00000000c0000000, 0x00000000c8a00000, 0x00000000eab00000)
  object space 141312K, 95% used [0x00000000c0000000,0x00000000c844f488,0x00000000c8a00000)
 Metaspace       used 81116K, committed 82432K, reserved 1179648K
  class space    used 8238K, committed 8832K, reserved 1048576K
}
Event: 2641.166 GC heap before
{Heap before GC invocations=1065 (full 14):
 PSYoungGen      total 3584K, used 3488K [0x00000000eab00000, 0x00000000eaf80000, 0x0000000100000000)
  eden space 3072K, 100% used [0x00000000eab00000,0x00000000eae00000,0x00000000eae00000)
  from space 512K, 81% used [0x00000000eaf00000,0x00000000eaf68000,0x00000000eaf80000)
  to   space 512K, 0% used [0x00000000eae80000,0x00000000eae80000,0x00000000eaf00000)
 ParOldGen       total 141312K, used 135485K [0x00000000c0000000, 0x00000000c8a00000, 0x00000000eab00000)
  object space 141312K, 95% used [0x00000000c0000000,0x00000000c844f488,0x00000000c8a00000)
 Metaspace       used 81116K, committed 82432K, reserved 1179648K
  class space    used 8238K, committed 8832K, reserved 1048576K
}
Event: 2641.175 GC heap after
{Heap after GC invocations=1065 (full 14):
 PSYoungGen      total 3584K, used 480K [0x00000000eab00000, 0x00000000eb600000, 0x0000000100000000)
  eden space 3072K, 0% used [0x00000000eab00000,0x00000000eab00000,0x00000000eae00000)
  from space 512K, 93% used [0x00000000eae80000,0x00000000eaef8178,0x00000000eaf00000)
  to   space 4096K, 0% used [0x00000000eb200000,0x00000000eb200000,0x00000000eb600000)
 ParOldGen       total 141312K, used 138317K [0x00000000c0000000, 0x00000000c8a00000, 0x00000000eab00000)
  object space 141312K, 97% used [0x00000000c0000000,0x00000000c8713600,0x00000000c8a00000)
 Metaspace       used 81116K, committed 82432K, reserved 1179648K
  class space    used 8238K, committed 8832K, reserved 1048576K
}
Event: 2641.199 GC heap before
{Heap before GC invocations=1066 (full 15):
 PSYoungGen      total 3584K, used 3552K [0x00000000eab00000, 0x00000000eb600000, 0x0000000100000000)
  eden space 3072K, 100% used [0x00000000eab00000,0x00000000eae00000,0x00000000eae00000)
  from space 512K, 93% used [0x00000000eae80000,0x00000000eaef8178,0x00000000eaf00000)
  to   space 4096K, 0% used [0x00000000eb200000,0x00000000eb200000,0x00000000eb600000)
 ParOldGen       total 141312K, used 138317K [0x00000000c0000000, 0x00000000c8a00000, 0x00000000eab00000)
  object space 141312K, 97% used [0x00000000c0000000,0x00000000c8713600,0x00000000c8a00000)
 Metaspace       used 81116K, committed 82432K, reserved 1179648K
  class space    used 8238K, committed 8832K, reserved 1048576K
}

