# JRE version: OpenJDK Runtime Environment Temurin-17.0.13+11 (17.0.13+11) (build 17.0.13+11)
# Java VM: OpenJDK 64-Bit Server VM Temurin-17.0.13+11 (17.0.13+11, mixed mode, tiered, compressed oops, compressed class ptrs, parallel gc, windows-amd64)
GC Precious Log:
 CPUs: 4 total, 4 available
 Memory: 8083M
 Large Page Support: Disabled
 NUMA Support: Disabled
 Compressed Oops: Enabled (32-bit)
 Alignments: Space 512K, Generation 512K, Heap 2M
 Heap Min Capacity: 100M
 Heap Initial Capacity: 100M
 Heap Max Capacity: 1G
 Pre-touch: Disabled
 Parallel Workers: 4
Heap:
 PSYoungGen      total 9728K, used 9696K [0x00000000eab00000, 0x00000000eb780000, 0x0000000100000000)
  eden space 7680K, 100% used [0x00000000eab00000,0x00000000eb280000,0x00000000eb280000)
  from space 2048K, 98% used [0x00000000eb380000,0x00000000eb578078,0x00000000eb580000)
  to   space 2048K, 0% used [0x00000000eb580000,0x00000000eb580000,0x00000000eb780000)
 ParOldGen       total 395776K, used 376724K [0x00000000c0000000, 0x00000000d8280000, 0x00000000eab00000)
  object space 395776K, 95% used [0x00000000c0000000,0x00000000d6fe5230,0x00000000d8280000)
 Metaspace       used 77380K, committed 78592K, reserved 1179648K
  class space    used 8384K, committed 8896K, reserved 1048576K
GC Heap History (20 events):
Event: 110.152 GC heap after
{Heap after GC invocations=274 (full 14):
 PSYoungGen      total 13824K, used 10214K [0x00000000eab00000, 0x00000000ece80000, 0x0000000100000000)
  eden space 3584K, 0% used [0x00000000eab00000,0x00000000eab00000,0x00000000eae80000)
  from space 10240K, 99% used [0x00000000ebc80000,0x00000000ec679910,0x00000000ec680000)
  to   space 14336K, 0% used [0x00000000eae80000,0x00000000eae80000,0x00000000ebc80000)
 ParOldGen       total 395776K, used 352797K [0x00000000c0000000, 0x00000000d8280000, 0x00000000eab00000)
  object space 395776K, 89% used [0x00000000c0000000,0x00000000d58875f8,0x00000000d8280000)
 Metaspace       used 75927K, committed 77120K, reserved 1179648K
  class space    used 8249K, committed 8768K, reserved 1048576K
}
Event: 110.180 GC heap before
{Heap before GC invocations=275 (full 14):
 PSYoungGen      total 13824K, used 13798K [0x00000000eab00000, 0x00000000ece80000, 0x0000000100000000)
  eden space 3584K, 100% used [0x00000000eab00000,0x00000000eae80000,0x00000000eae80000)
  from space 10240K, 99% used [0x00000000ebc80000,0x00000000ec679910,0x00000000ec680000)
  to   space 14336K, 0% used [0x00000000eae80000,0x00000000eae80000,0x00000000ebc80000)
 ParOldGen       total 395776K, used 352797K [0x00000000c0000000, 0x00000000d8280000, 0x00000000eab00000)
  object space 395776K, 89% used [0x00000000c0000000,0x00000000d58875f8,0x00000000d8280000)
 Metaspace       used 75929K, committed 77120K, reserved 1179648K
  class space    used 8249K, committed 8768K, reserved 1048576K
}
Event: 110.198 GC heap after
{Heap after GC invocations=275 (full 14):
 PSYoungGen      total 8704K, used 4977K [0x00000000eab00000, 0x00000000ebf00000, 0x0000000100000000)
  eden space 3584K, 0% used [0x00000000eab00000,0x00000000eab00000,0x00000000eae80000)
  from space 5120K, 97% used [0x00000000eae80000,0x00000000eb35c548,0x00000000eb380000)
  to   space 8192K, 0% used [0x00000000eb700000,0x00000000eb700000,0x00000000ebf00000)
 ParOldGen       total 395776K, used 359282K [0x00000000c0000000, 0x00000000d8280000, 0x00000000eab00000)
  object space 395776K, 90% used [0x00000000c0000000,0x00000000d5edcaf0,0x00000000d8280000)
 Metaspace       used 75929K, committed 77120K, reserved 1179648K
  class space    used 8249K, committed 8768K, reserved 1048576K
}
Event: 110.214 GC heap before
{Heap before GC invocations=276 (full 14):
 PSYoungGen      total 8704K, used 8561K [0x00000000eab00000, 0x00000000ebf00000, 0x0000000100000000)
  eden space 3584K, 100% used [0x00000000eab00000,0x00000000eae80000,0x00000000eae80000)
  from space 5120K, 97% used [0x00000000eae80000,0x00000000eb35c548,0x00000000eb380000)
  to   space 8192K, 0% used [0x00000000eb700000,0x00000000eb700000,0x00000000ebf00000)
 ParOldGen       total 395776K, used 359282K [0x00000000c0000000, 0x00000000d8280000, 0x00000000eab00000)
  object space 395776K, 90% used [0x00000000c0000000,0x00000000d5edcaf0,0x00000000d8280000)
 Metaspace       used 75929K, committed 77120K, reserved 1179648K
  class space    used 8249K, committed 8768K, reserved 1048576K
}
Event: 110.229 GC heap after
{Heap after GC invocations=276 (full 14):
 PSYoungGen      total 7168K, used 2400K [0x00000000eab00000, 0x00000000eb980000, 0x0000000100000000)
  eden space 4608K, 0% used [0x00000000eab00000,0x00000000eab00000,0x00000000eaf80000)
  from space 2560K, 93% used [0x00000000eb700000,0x00000000eb958000,0x00000000eb980000)
  to   space 4096K, 0% used [0x00000000eb180000,0x00000000eb180000,0x00000000eb580000)
 ParOldGen       total 395776K, used 363104K [0x00000000c0000000, 0x00000000d8280000, 0x00000000eab00000)
  object space 395776K, 91% used [0x00000000c0000000,0x00000000d62981d0,0x00000000d8280000)
 Metaspace       used 75929K, committed 77120K, reserved 1179648K
  class space    used 8249K, committed 8768K, reserved 1048576K
}
Event: 110.310 GC heap before
{Heap before GC invocations=277 (full 14):
 PSYoungGen      total 7168K, used 7008K [0x00000000eab00000, 0x00000000eb980000, 0x0000000100000000)
  eden space 4608K, 100% used [0x00000000eab00000,0x00000000eaf80000,0x00000000eaf80000)
  from space 2560K, 93% used [0x00000000eb700000,0x00000000eb958000,0x00000000eb980000)
  to   space 4096K, 0% used [0x00000000eb180000,0x00000000eb180000,0x00000000eb580000)
 ParOldGen       total 395776K, used 363104K [0x00000000c0000000, 0x00000000d8280000, 0x00000000eab00000)
  object space 395776K, 91% used [0x00000000c0000000,0x00000000d62981d0,0x00000000d8280000)
 Metaspace       used 75933K, committed 77120K, reserved 1179648K
  class space    used 8250K, committed 8768K, reserved 1048576K
}
Event: 110.317 GC heap after
{Heap after GC invocations=277 (full 14):
 PSYoungGen      total 9728K, used 4079K [0x00000000eab00000, 0x00000000ebf80000, 0x0000000100000000)
  eden space 5632K, 0% used [0x00000000eab00000,0x00000000eab00000,0x00000000eb080000)
  from space 4096K, 99% used [0x00000000eb180000,0x00000000eb57be00,0x00000000eb580000)
  to   space 7680K, 0% used [0x00000000eb800000,0x00000000eb800000,0x00000000ebf80000)
 ParOldGen       total 395776K, used 365624K [0x00000000c0000000, 0x00000000d8280000, 0x00000000eab00000)
  object space 395776K, 92% used [0x00000000c0000000,0x00000000d650e1d0,0x00000000d8280000)
 Metaspace       used 75933K, committed 77120K, reserved 1179648K
  class space    used 8250K, committed 8768K, reserved 1048576K
}
Event: 110.556 GC heap before
{Heap before GC invocations=278 (full 14):
 PSYoungGen      total 9728K, used 9595K [0x00000000eab00000, 0x00000000ebf80000, 0x0000000100000000)
  eden space 5632K, 97% used [0x00000000eab00000,0x00000000eb062e68,0x00000000eb080000)
  from space 4096K, 99% used [0x00000000eb180000,0x00000000eb57be00,0x00000000eb580000)
  to   space 7680K, 0% used [0x00000000eb800000,0x00000000eb800000,0x00000000ebf80000)
 ParOldGen       total 395776K, used 365624K [0x00000000c0000000, 0x00000000d8280000, 0x00000000eab00000)
  object space 395776K, 92% used [0x00000000c0000000,0x00000000d650e1d0,0x00000000d8280000)
 Metaspace       used 75940K, committed 77120K, reserved 1179648K
  class space    used 8250K, committed 8768K, reserved 1048576K
}
Event: 110.567 GC heap after
{Heap after GC invocations=278 (full 14):
 PSYoungGen      total 10240K, used 3242K [0x00000000eab00000, 0x00000000ebb80000, 0x0000000100000000)
  eden space 6656K, 0% used [0x00000000eab00000,0x00000000eab00000,0x00000000eb180000)
  from space 3584K, 90% used [0x00000000eb800000,0x00000000ebb2abc0,0x00000000ebb80000)
  to   space 4608K, 0% used [0x00000000eb280000,0x00000000eb280000,0x00000000eb700000)
 ParOldGen       total 395776K, used 369612K [0x00000000c0000000, 0x00000000d8280000, 0x00000000eab00000)
  object space 395776K, 93% used [0x00000000c0000000,0x00000000d68f3200,0x00000000d8280000)
 Metaspace       used 75940K, committed 77120K, reserved 1179648K
  class space    used 8250K, committed 8768K, reserved 1048576K
}
Event: 110.737 GC heap before
{Heap before GC invocations=279 (full 14):
 PSYoungGen      total 10240K, used 9677K [0x00000000eab00000, 0x00000000ebb80000, 0x0000000100000000)
  eden space 6656K, 96% used [0x00000000eab00000,0x00000000eb1488f8,0x00000000eb180000)
  from space 3584K, 90% used [0x00000000eb800000,0x00000000ebb2abc0,0x00000000ebb80000)
  to   space 4608K, 0% used [0x00000000eb280000,0x00000000eb280000,0x00000000eb700000)
 ParOldGen       total 395776K, used 369612K [0x00000000c0000000, 0x00000000d8280000, 0x00000000eab00000)
  object space 395776K, 93% used [0x00000000c0000000,0x00000000d68f3200,0x00000000d8280000)
 Metaspace       used 75969K, committed 77184K, reserved 1179648K
  class space    used 8252K, committed 8768K, reserved 1048576K
}
Event: 110.750 GC heap after
{Heap after GC invocations=279 (full 14):
 PSYoungGen      total 12288K, used 4163K [0x00000000eab00000, 0x00000000ebb80000, 0x0000000100000000)
  eden space 7680K, 0% used [0x00000000eab00000,0x00000000eab00000,0x00000000eb280000)
  from space 4608K, 90% used [0x00000000eb280000,0x00000000eb690c48,0x00000000eb700000)
  to   space 4608K, 0% used [0x00000000eb700000,0x00000000eb700000,0x00000000ebb80000)
 ParOldGen       total 395776K, used 372591K [0x00000000c0000000, 0x00000000d8280000, 0x00000000eab00000)
  object space 395776K, 94% used [0x00000000c0000000,0x00000000d6bdbe40,0x00000000d8280000)
 Metaspace       used 75969K, committed 77184K, reserved 1179648K
  class space    used 8252K, committed 8768K, reserved 1048576K
}
Event: 194.869 GC heap before
{Heap before GC invocations=280 (full 14):
 PSYoungGen      total 12288K, used 11826K [0x00000000eab00000, 0x00000000ebb80000, 0x0000000100000000)
  eden space 7680K, 99% used [0x00000000eab00000,0x00000000eb27bf48,0x00000000eb280000)
  from space 4608K, 90% used [0x00000000eb280000,0x00000000eb690c48,0x00000000eb700000)
  to   space 4608K, 0% used [0x00000000eb700000,0x00000000eb700000,0x00000000ebb80000)
 ParOldGen       total 395776K, used 372591K [0x00000000c0000000, 0x00000000d8280000, 0x00000000eab00000)
  object space 395776K, 94% used [0x00000000c0000000,0x00000000d6bdbe40,0x00000000d8280000)
 Metaspace       used 76124K, committed 77376K, reserved 1179648K
  class space    used 8271K, committed 8832K, reserved 1048576K
}
Event: 194.877 GC heap after
{Heap after GC invocations=280 (full 14):
 PSYoungGen      total 9216K, used 1024K [0x00000000eab00000, 0x00000000eb880000, 0x0000000100000000)
  eden space 7680K, 0% used [0x00000000eab00000,0x00000000eab00000,0x00000000eb280000)
  from space 1536K, 66% used [0x00000000eb700000,0x00000000eb800018,0x00000000eb880000)
  to   space 2560K, 0% used [0x00000000eb380000,0x00000000eb380000,0x00000000eb600000)
 ParOldGen       total 395776K, used 376375K [0x00000000c0000000, 0x00000000d8280000, 0x00000000eab00000)
  object space 395776K, 95% used [0x00000000c0000000,0x00000000d6f8dd90,0x00000000d8280000)
 Metaspace       used 76124K, committed 77376K, reserved 1179648K
  class space    used 8271K, committed 8832K, reserved 1048576K
}
Event: 204.643 GC heap before
{Heap before GC invocations=281 (full 14):
 PSYoungGen      total 9216K, used 8704K [0x00000000eab00000, 0x00000000eb880000, 0x0000000100000000)
  eden space 7680K, 100% used [0x00000000eab00000,0x00000000eb280000,0x00000000eb280000)
  from space 1536K, 66% used [0x00000000eb700000,0x00000000eb800018,0x00000000eb880000)
  to   space 2560K, 0% used [0x00000000eb380000,0x00000000eb380000,0x00000000eb600000)
 ParOldGen       total 395776K, used 376375K [0x00000000c0000000, 0x00000000d8280000, 0x00000000eab00000)
  object space 395776K, 95% used [0x00000000c0000000,0x00000000d6f8dd90,0x00000000d8280000)
 Metaspace       used 76711K, committed 77952K, reserved 1179648K
  class space    used 8341K, committed 8832K, reserved 1048576K
}
Event: 204.650 GC heap after
{Heap after GC invocations=281 (full 14):
 PSYoungGen      total 9728K, used 1584K [0x00000000eab00000, 0x00000000eb780000, 0x0000000100000000)
  eden space 7680K, 0% used [0x00000000eab00000,0x00000000eab00000,0x00000000eb280000)
  from space 2048K, 77% used [0x00000000eb380000,0x00000000eb50c068,0x00000000eb580000)
  to   space 2048K, 0% used [0x00000000eb580000,0x00000000eb580000,0x00000000eb780000)
 ParOldGen       total 395776K, used 376383K [0x00000000c0000000, 0x00000000d8280000, 0x00000000eab00000)
  object space 395776K, 95% used [0x00000000c0000000,0x00000000d6f8fd90,0x00000000d8280000)
 Metaspace       used 76711K, committed 77952K, reserved 1179648K
  class space    used 8341K, committed 8832K, reserved 1048576K
}
Event: 205.810 GC heap before
{Heap before GC invocations=282 (full 14):
 PSYoungGen      total 9728K, used 9264K [0x00000000eab00000, 0x00000000eb780000, 0x0000000100000000)
  eden space 7680K, 99% used [0x00000000eab00000,0x00000000eb27fff8,0x00000000eb280000)
  from space 2048K, 77% used [0x00000000eb380000,0x00000000eb50c068,0x00000000eb580000)
  to   space 2048K, 0% used [0x00000000eb580000,0x00000000eb580000,0x00000000eb780000)
 ParOldGen       total 395776K, used 376383K [0x00000000c0000000, 0x00000000d8280000, 0x00000000eab00000)
  object space 395776K, 95% used [0x00000000c0000000,0x00000000d6f8fd90,0x00000000d8280000)
 Metaspace       used 77041K, committed 78272K, reserved 1179648K
  class space    used 8373K, committed 8896K, reserved 1048576K
}
Event: 205.815 GC heap after
{Heap after GC invocations=282 (full 14):
 PSYoungGen      total 9728K, used 1936K [0x00000000eab00000, 0x00000000eb780000, 0x0000000100000000)
  eden space 7680K, 0% used [0x00000000eab00000,0x00000000eab00000,0x00000000eb280000)
  from space 2048K, 94% used [0x00000000eb580000,0x00000000eb764048,0x00000000eb780000)
  to   space 2048K, 0% used [0x00000000eb380000,0x00000000eb380000,0x00000000eb580000)
 ParOldGen       total 395776K, used 376383K [0x00000000c0000000, 0x00000000d8280000, 0x00000000eab00000)
  object space 395776K, 95% used [0x00000000c0000000,0x00000000d6f8fd90,0x00000000d8280000)
 Metaspace       used 77041K, committed 78272K, reserved 1179648K
  class space    used 8373K, committed 8896K, reserved 1048576K
}
Event: 215.302 GC heap before
{Heap before GC invocations=283 (full 14):
 PSYoungGen      total 9728K, used 9616K [0x00000000eab00000, 0x00000000eb780000, 0x0000000100000000)
  eden space 7680K, 99% used [0x00000000eab00000,0x00000000eb27fff8,0x00000000eb280000)
  from space 2048K, 94% used [0x00000000eb580000,0x00000000eb764048,0x00000000eb780000)
  to   space 2048K, 0% used [0x00000000eb380000,0x00000000eb380000,0x00000000eb580000)
 ParOldGen       total 395776K, used 376383K [0x00000000c0000000, 0x00000000d8280000, 0x00000000eab00000)
  object space 395776K, 95% used [0x00000000c0000000,0x00000000d6f8fd90,0x00000000d8280000)
 Metaspace       used 77202K, committed 78400K, reserved 1179648K
  class space    used 8377K, committed 8896K, reserved 1048576K
}
Event: 215.311 GC heap after
{Heap after GC invocations=283 (full 14):
 PSYoungGen      total 9728K, used 2016K [0x00000000eab00000, 0x00000000eb780000, 0x0000000100000000)
  eden space 7680K, 0% used [0x00000000eab00000,0x00000000eab00000,0x00000000eb280000)
  from space 2048K, 98% used [0x00000000eb380000,0x00000000eb578078,0x00000000eb580000)
  to   space 2048K, 0% used [0x00000000eb580000,0x00000000eb580000,0x00000000eb780000)
 ParOldGen       total 395776K, used 376724K [0x00000000c0000000, 0x00000000d8280000, 0x00000000eab00000)
  object space 395776K, 95% used [0x00000000c0000000,0x00000000d6fe5230,0x00000000d8280000)
 Metaspace       used 77202K, committed 78400K, reserved 1179648K
  class space    used 8377K, committed 8896K, reserved 1048576K
}
Event: 1053.044 GC heap before
{Heap before GC invocations=284 (full 14):
 PSYoungGen      total 9728K, used 9696K [0x00000000eab00000, 0x00000000eb780000, 0x0000000100000000)
  eden space 7680K, 100% used [0x00000000eab00000,0x00000000eb280000,0x00000000eb280000)
  from space 2048K, 98% used [0x00000000eb380000,0x00000000eb578078,0x00000000eb580000)
  to   space 2048K, 0% used [0x00000000eb580000,0x00000000eb580000,0x00000000eb780000)
 ParOldGen       total 395776K, used 376724K [0x00000000c0000000, 0x00000000d8280000, 0x00000000eab00000)
  object space 395776K, 95% used [0x00000000c0000000,0x00000000d6fe5230,0x00000000d8280000)
 Metaspace       used 77380K, committed 78592K, reserved 1179648K
  class space    used 8384K, committed 8896K, reserved 1048576K
}

